\BOOKMARK [1][-]{section.3}{\376\377\000M\000o\000n\000t\000e\000\040\000C\000a\000r\000l\000o\000\040\000s\000i\000m\000u\000l\000a\000t\000i\000o\000n\000\040\000o\000f\000\040\000H\000a\000r\000d\000\040\000s\000p\000h\000e\000r\000e\000s\000\040\000i\000n\000\040\000t\000h\000e\000\040\000N\000V\000T\000\040\000e\000n\000s\000e\000m\000b\000l\000e\000\040\000\050\000c\000o\000m\000p\000l\000e\000e\000t\000l\000y\000\040\000m\000y\000\040\000o\000w\000n\000\040\000c\000o\000d\000e\000\051}{}% 1
\BOOKMARK [2][-]{subsection.3.1}{}{section.3}% 2
\BOOKMARK [2][-]{subsection.3.2}{}{section.3}% 3
\BOOKMARK [2][-]{subsection.3.3}{}{section.3}% 4
\BOOKMARK [2][-]{subsection.3.4}{}{section.3}% 5
\BOOKMARK [2][-]{subsection.3.5}{}{section.3}% 6
\BOOKMARK [2][-]{subsection.3.6}{}{section.3}% 7
\BOOKMARK [2][-]{subsection.3.7}{}{section.3}% 8
\BOOKMARK [2][-]{subsection.3.8}{}{section.3}% 9
\BOOKMARK [2][-]{subsection.3.9}{}{section.3}% 10
\BOOKMARK [1][-]{section.4}{\376\377\000M\000o\000n\000t\000e\000\040\000C\000a\000r\000l\000o\000\040\000s\000i\000m\000u\000l\000a\000t\000i\000o\000n\000\040\000o\000f\000\040\000H\000a\000r\000d\000\040\000s\000p\000h\000e\000r\000e\000s\000\040\000i\000n\000\040\000t\000h\000e\000\040\000N\000V\000T\000\040\000e\000n\000s\000e\000m\000b\000l\000e\000\040\000\050\000c\000o\000r\000r\000e\000c\000t\000\051}{}% 11
\BOOKMARK [1][-]{section.5}{\376\377\000M\000C\000\040\000s\000i\000m\000u\000l\000a\000t\000i\000o\000n\000\040\000o\000f\000\040\000h\000a\000r\000d\000\040\000s\000p\000h\000e\000r\000e\000s\000\040\000i\000n\000\040\000t\000h\000e\000\040\000N\000P\000T\000\040\000e\000n\000s\000e\000m\000b\000l\000e}{}% 12
\BOOKMARK [2][-]{subsection.5.1}{}{section.5}% 13
\BOOKMARK [1][-]{appendix.A}{\376\377\000C\000o\000d\000e\000\040\000E\000x\000e\000r\000c\000i\000s\000e\000\040\0004\000\040\000\050\000c\000o\000m\000p\000l\000e\000t\000e\000l\000y\000\040\000m\000y\000\040\000w\000o\000n\000\051}{}% 14
\BOOKMARK [2][-]{subsection.A.1}{}{appendix.A}% 15
\BOOKMARK [2][-]{subsection.A.2}{}{appendix.A}% 16
\BOOKMARK [2][-]{subsection.A.3}{}{appendix.A}% 17
\BOOKMARK [2][-]{subsection.A.4}{}{appendix.A}% 18
\BOOKMARK [2][-]{subsection.A.5}{}{appendix.A}% 19
\BOOKMARK [2][-]{subsection.A.6}{}{appendix.A}% 20
\BOOKMARK [2][-]{subsection.A.7}{}{appendix.A}% 21
\BOOKMARK [1][-]{appendix.B}{\376\377\000C\000o\000d\000e\000\040\000E\000x\000e\000r\000c\000i\000s\000e\000\040\0004\000\040\000\050\000f\000i\000l\000l\000e\000d\000\040\000i\000n\000\051}{}% 22
\BOOKMARK [2][-]{subsection.B.1}{\376\377\000t\000i\000t\000l\000e}{appendix.B}% 23
\BOOKMARK [2][-]{subsection.B.2}{\376\377\000t\000i\000t\000l\000e}{appendix.B}% 24
\BOOKMARK [2][-]{subsection.B.3}{\376\377\000t\000i\000t\000l\000e}{appendix.B}% 25
\BOOKMARK [2][-]{subsection.B.4}{\376\377\000t\000i\000t\000l\000e}{appendix.B}% 26
\BOOKMARK [1][-]{appendix.C}{\376\377\000E\000x\000e\000r\000c\000i\000s\000e\000\040\0005}{}% 27
\BOOKMARK [2][-]{subsection.C.1}{}{appendix.C}% 28
